#
# A fatal error has been detected by the Java Runtime Environment:
#
#  EXCEPTION_ACCESS_VIOLATION (0xc0000005) at pc=0x0000000065ba95d2, pid=19592, tid=2144
#
# JRE version: Java(TM) SE Runtime Environment (10.0.2+13) (build 10.0.2+13)
# Java VM: Java HotSpot(TM) 64-Bit Server VM (10.0.2+13, mixed mode, tiered, compressed oops, g1 gc, windows-amd64)
# Problematic frame:
# V  [jvm.dll+0x5f95d2]
#
# No core dump will be written. Minidumps are not enabled by default on client versions of Windows
#
# If you would like to submit a bug report, please visit:
#   http://bugreport.java.com/bugreport/crash.jsp
#

---------------  S U M M A R Y ------------

Command Line: -agentlib:jdwp=transport=dt_socket,address=127.0.0.1:14444,suspend=y,server=n -ea -Dfile.encoding=UTF-8 -Didea.test.cyclic.buffer.size=1048576 -javaagent:C:\Users\yanglin\.IntelliJIdea2018.2\system\captureAgent\debugger-agent.jar=file:/C:/Users/yanglin/AppData/Local/Temp/capture.props org.testng.RemoteTestNGStarter -usedefaultlisteners false -socket14443 @w@C:\Users\yanglin\AppData\Local\Temp\idea_working_dirs_testng.tmp -temp C:\Users\yanglin\AppData\Local\Temp\idea_testng.tmp

Host: Intel(R) Core(TM) i5-7200U CPU @ 2.50GHz, 4 cores, 7G,  Windows 10 , 64 bit Build 15063 (10.0.15063.1058)
Time: Thu Aug 30 15:44:37 2018 ?D1¨²¡À¨º¡Á?¨º¡À?? elapsed time: 14379 seconds (0d 3h 59m 39s)

---------------  T H R E A D  ---------------

Current thread (0x000001e8307c6800):  JavaThread "main" [_thread_in_vm, id=2144, stack(0x0000006b20b00000,0x0000006b20c00000)]

Stack: [0x0000006b20b00000,0x0000006b20c00000],  sp=0x0000006b20bfaa20,  free space=1002k
Native frames: (J=compiled Java code, j=interpreted, Vv=VM code, C=native code)
V  [jvm.dll+0x5f95d2]
V  [jvm.dll+0x372ffb]
V  [jvm.dll+0x4a7b36]
V  [jvm.dll+0x4a2dd5]
V  [jvm.dll+0x375b79]
V  [jvm.dll+0x627eb8]
V  [jvm.dll+0x6282cf]
V  [jvm.dll+0x627de7]
V  [jvm.dll+0x3e8dcf]
C  0x000001e83bb65f16

Java frames: (J=compiled Java code, j=interpreted, Vv=VM code)
j  java.lang.StackStreamFactory$AbstractStackWalker.fetchStackFrames(JJII[Ljava/lang/Object;)I+0 java.base@10.0.2
j  java.lang.StackStreamFactory$AbstractStackWalker.fetchStackFrames(I)I+35 java.base@10.0.2
j  java.lang.StackStreamFactory$AbstractStackWalker.getNextBatch()I+61 java.base@10.0.2
j  java.lang.StackStreamFactory$AbstractStackWalker.peekFrame()Ljava/lang/Class;+32 java.base@10.0.2
j  java.lang.StackStreamFactory$AbstractStackWalker.hasNext()Z+1 java.base@10.0.2
j  java.lang.StackStreamFactory$StackFrameTraverser.tryAdvance(Ljava/util/function/Consumer;)Z+16 java.base@10.0.2
j  java.util.stream.ReferencePipeline.forEachWithCancel(Ljava/util/Spliterator;Ljava/util/stream/Sink;)Z+13 java.base@10.0.2
j  java.util.stream.AbstractPipeline.copyIntoWithCancel(Ljava/util/stream/Sink;Ljava/util/Spliterator;)Z+32 java.base@10.0.2
j  java.util.stream.AbstractPipeline.copyInto(Ljava/util/stream/Sink;Ljava/util/Spliterator;)V+49 java.base@10.0.2
j  java.util.stream.AbstractPipeline.wrapAndCopyInto(Ljava/util/stream/Sink;Ljava/util/Spliterator;)Ljava/util/stream/Sink;+13 java.base@10.0.2
j  java.util.stream.FindOps$FindOp.evaluateSequential(Ljava/util/stream/PipelineHelper;Ljava/util/Spliterator;)Ljava/lang/Object;+14 java.base@10.0.2
j  java.util.stream.AbstractPipeline.evaluate(Ljava/util/stream/TerminalOp;)Ljava/lang/Object;+88 java.base@10.0.2
j  java.util.stream.ReferencePipeline.findFirst()Ljava/util/Optional;+5 java.base@10.0.2
j  org.apache.logging.log4j.util.StackLocator.lambda$getCallerClass$3(Ljava/lang/String;Ljava/lang/String;Ljava/util/stream/Stream;)Ljava/util/Optional;+34
j  org.apache.logging.log4j.util.StackLocator$$Lambda$29.apply(Ljava/lang/Object;)Ljava/lang/Object;+12
j  java.lang.StackStreamFactory$StackFrameTraverser.consumeFrames()Ljava/lang/Object;+25 java.base@10.0.2
j  java.lang.StackStreamFactory$AbstractStackWalker.doStackWalk(JIIII)Ljava/lang/Object;+78 java.base@10.0.2
v  ~StubRoutines::call_stub
j  java.lang.StackStreamFactory$AbstractStackWalker.callStackWalk(JIII[Ljava/lang/Object;)Ljava/lang/Object;+0 java.base@10.0.2
j  java.lang.StackStreamFactory$AbstractStackWalker.beginStackWalk()Ljava/lang/Object;+31 java.base@10.0.2
j  java.lang.StackStreamFactory$AbstractStackWalker.walk()Ljava/lang/Object;+8 java.base@10.0.2
j  java.lang.StackWalker.walk(Ljava/util/function/Function;)Ljava/lang/Object;+10 java.base@10.0.2
j  org.apache.logging.log4j.util.StackLocator.getCallerClass(Ljava/lang/String;Ljava/lang/String;)Ljava/lang/Class;+10
j  org.apache.logging.log4j.util.StackLocatorUtil.getCallerClass(Ljava/lang/String;Ljava/lang/String;)Ljava/lang/Class;+5
j  org.apache.logging.log4j.util.StackLocatorUtil.getCallerClass(Ljava/lang/String;)Ljava/lang/Class;+3
j  org.apache.logging.log4j.core.selector.ClassLoaderContextSelector.getContext(Ljava/lang/String;Ljava/lang/ClassLoader;ZLjava/net/URI;)Lorg/apache/logging/log4j/core/LoggerContext;+41
j  org.apache.logging.log4j.core.impl.Log4jContextFactory.getContext(Ljava/lang/String;Ljava/lang/ClassLoader;Ljava/lang/Object;ZLorg/apache/logging/log4j/core/config/ConfigurationSource;)Lorg/apache/logging/log4j/core/LoggerContext;+9
j  org.apache.logging.log4j.core.config.Configurator.initialize(Ljava/lang/ClassLoader;Lorg/apache/logging/log4j/core/config/ConfigurationSource;Ljava/lang/Object;)Lorg/apache/logging/log4j/core/LoggerContext;+20
j  org.apache.logging.log4j.core.config.Configurator.initialize(Ljava/lang/ClassLoader;Lorg/apache/logging/log4j/core/config/ConfigurationSource;)Lorg/apache/logging/log4j/core/LoggerContext;+3
j  httputil.Log.<init>(Ljava/lang/Class;)V+61
j  httputil.HttpUtil.<clinit>()V+6
v  ~StubRoutines::call_stub
j  testcase.Newtset.shopcar_all()V+56
v  ~StubRoutines::call_stub
j  jdk.internal.reflect.NativeMethodAccessorImpl.invoke0(Ljava/lang/reflect/Method;Ljava/lang/Object;[Ljava/lang/Object;)Ljava/lang/Object;+0 java.base@10.0.2
j  jdk.internal.reflect.NativeMethodAccessorImpl.invoke(Ljava/lang/Object;[Ljava/lang/Object;)Ljava/lang/Object;+100 java.base@10.0.2
j  jdk.internal.reflect.DelegatingMethodAccessorImpl.invoke(Ljava/lang/Object;[Ljava/lang/Object;)Ljava/lang/Object;+6 java.base@10.0.2
j  java.lang.reflect.Method.invoke(Ljava/lang/Object;[Ljava/lang/Object;)Ljava/lang/Object;+59 java.base@10.0.2
j  org.testng.internal.MethodInvocationHelper.invokeMethod(Ljava/lang/reflect/Method;Ljava/lang/Object;[Ljava/lang/Object;)Ljava/lang/Object;+242
j  org.testng.internal.Invoker.invokeMethod([Ljava/lang/Object;ILorg/testng/ITestNGMethod;[Ljava/lang/Object;ILorg/testng/xml/XmlSuite;Ljava/util/Map;Lorg/testng/ITestClass;[Lorg/testng/ITestNGMethod;[Lorg/testng/ITestNGMethod;Lorg/testng/internal/ConfigurationGroupMethods;)Lorg/testng/ITestResult;+292
j  org.testng.internal.Invoker.invokeTestMethod([Ljava/lang/Object;Lorg/testng/ITestNGMethod;[Ljava/lang/Object;ILorg/testng/xml/XmlSuite;Ljava/util/Map;Lorg/testng/ITestClass;[Lorg/testng/ITestNGMethod;[Lorg/testng/ITestNGMethod;Lorg/testng/internal/ConfigurationGroupMethods;)Ljava/util/List;+46
j  org.testng.internal.Invoker.invokeTestMethods(Lorg/testng/ITestNGMethod;[Lorg/testng/ITestNGMethod;ILorg/testng/xml/XmlSuite;Ljava/util/Map;Lorg/testng/internal/ConfigurationGroupMethods;[Ljava/lang/Object;Lorg/testng/ITestContext;)Ljava/util/List;+762
j  org.testng.internal.TestMethodWorker.invokeTestMethods(Lorg/testng/ITestNGMethod;[Ljava/lang/Object;Lorg/testng/ITestContext;)V+32
j  org.testng.internal.TestMethodWorker.run()V+60
j  org.testng.TestRunner.privateRun(Lorg/testng/xml/XmlTest;)V+355
j  org.testng.TestRunner.run()V+26
j  org.testng.SuiteRunner.runTest(Lorg/testng/TestRunner;)V+1
j  org.testng.SuiteRunner.runSequentially()V+31
j  org.testng.SuiteRunner.privateRun()V+281
j  org.testng.SuiteRunner.run()V+6
j  org.testng.SuiteRunnerWorker.runSuite(Lorg/testng/internal/SuiteRunnerMap;Lorg/testng/xml/XmlSuite;)V+89
j  org.testng.SuiteRunnerWorker.run()V+12
j  org.testng.TestNG.runSuitesSequentially(Lorg/testng/xml/XmlSuite;Lorg/testng/internal/SuiteRunnerMap;ILjava/lang/String;)V+66
j  org.testng.TestNG.runSuitesLocally()Ljava/util/List;+143
j  org.testng.TestNG.run()V+77
j  org.testng.IDEARemoteTestNG.run()V+270
j  org.testng.RemoteTestNGStarter.main([Ljava/lang/String;)V+533
v  ~StubRoutines::call_stub

siginfo: EXCEPTION_ACCESS_VIOLATION (0xc0000005), reading address 0x0000000000000008


Register to memory mapping:

RIP=0x0000000065ba95d2 jvm.dll
RAX=0x0000000000000010 is an unknown value
RBX=0x000001e8307c4920 is an unknown value
RCX=
[error occurred during error reporting (printing register info), id 0xc0000005]

Registers:
RAX=0x0000000000000010, RBX=0x000001e8307c4920, RCX=0x0000000088f6b7b8, RDX=0x0000000000000010
RSP=0x0000006b20bfaa20, RBP=0x000001e8307c6800, RSI=0x0000000000000000, RDI=0x0000000000000000
R8 =0x0000000000000000, R9 =0x000001e854258758, R10=0x0000000000000002, R11=0x0000000000000002
R12=0x000001e8307c6800, R13=0x00000001000ecaa0, R14=0x0000006b20bfab40, R15=0x0000000000000000
RIP=0x0000000065ba95d2, EFLAGS=0x0000000000010202

Top of Stack: (sp=0x0000006b20bfaa20)
0x0000006b20bfaa20:   000001e8307c4920 0000006b20bfaaa0
0x0000006b20bfaa30:   000001e8307c6800 0000000000000000
0x0000006b20bfaa40:   0000000088f6b7b8 0000000065922ffb
0x0000006b20bfaa50:   000001e8527d4158 000001e8307c6800
0x0000006b20bfaa60:   0000006b20bfaaa0 0000000000000000
0x0000006b20bfaa70:   000001e8307b17d0 0000000065a57b36
0x0000006b20bfaa80:   0000000000000000 000001e85404e168
0x0000006b20bfaa90:   0000000000000000 00000000ffffffff
0x0000006b20bfaaa0:   000001e85404e168 000001e8307c6800
0x0000006b20bfaab0:   000001e82e2f23a8 0000000065a52dd5
0x0000006b20bfaac0:   0000006b20bfab40 00000001000ecaa0
0x0000006b20bfaad0:   000001e85404e168 0000000000000005
0x0000006b20bfaae0:   000001e85404e168 000001e8307c6800
0x0000006b20bfaaf0:   0000000000000000 0000006b20bfac40
0x0000006b20bfab00:   0000000000000003 000001e8307c6800
0x0000006b20bfab10:   0000000000000000 0000000065925b79 

Instructions: (pc=0x0000000065ba95d2)
0x0000000065ba95b2:   e8 69 d8 d5 ff 48 8b cf 48 8b f0 48 8b 44 24 30
0x0000000065ba95c2:   48 85 c0 74 03 48 8b 08 48 8b d6 e8 3e cb d7 ff
0x0000000065ba95d2:   48 8b 46 08 48 8b 48 08 48 8b 41 18 b9 00 80 00
0x0000000065ba95e2:   00 66 09 88 1a 01 00 00 48 8b 44 24 30 48 85 c0 



---------------  P R O C E S S  ---------------

Threads class SMR info:
_java_thread_list=0x000001e852b23d00, length=12, elements={
0x000001e8307c6800, 0x000001e851b8c000, 0x000001e851b8e000, 0x000001e851b85000,
0x000001e852402800, 0x000001e851bad800, 0x000001e851bb8800, 0x000001e851bbc800,
0x000001e851bbd800, 0x000001e852671000, 0x000001e8525f7800, 0x000001e8526cc800
}

Java Threads: ( => current thread )
=>0x000001e8307c6800 JavaThread "main" [_thread_in_vm, id=2144, stack(0x0000006b20b00000,0x0000006b20c00000)]
  0x000001e851b8c000 JavaThread "Reference Handler" daemon [_thread_blocked, id=14252, stack(0x0000006b21800000,0x0000006b21900000)]
  0x000001e851b8e000 JavaThread "Finalizer" daemon [_thread_blocked, id=12732, stack(0x0000006b21900000,0x0000006b21a00000)]
  0x000001e851b85000 JavaThread "Signal Dispatcher" daemon [_thread_blocked, id=11060, stack(0x0000006b21a00000,0x0000006b21b00000)]
  0x000001e852402800 JavaThread "Attach Listener" daemon [_thread_blocked, id=23012, stack(0x0000006b21b00000,0x0000006b21c00000)]
  0x000001e851bad800 JavaThread "C2 CompilerThread0" daemon [_thread_blocked, id=17124, stack(0x0000006b21c00000,0x0000006b21d00000)]
  0x000001e851bb8800 JavaThread "C2 CompilerThread1" daemon [_thread_blocked, id=14204, stack(0x0000006b21d00000,0x0000006b21e00000)]
  0x000001e851bbc800 JavaThread "C1 CompilerThread2" daemon [_thread_blocked, id=12892, stack(0x0000006b21e00000,0x0000006b21f00000)]
  0x000001e851bbd800 JavaThread "Sweeper thread" daemon [_thread_blocked, id=17448, stack(0x0000006b21f00000,0x0000006b22000000)]
  0x000001e852671000 JavaThread "JDWP Event Helper Thread" daemon [_thread_blocked, id=6840, stack(0x0000006b22100000,0x0000006b22200000)]
  0x000001e8525f7800 JavaThread "Common-Cleaner" daemon [_thread_blocked, id=17364, stack(0x0000006b22300000,0x0000006b22400000)]
  0x000001e8526cc800 JavaThread "Service Thread" daemon [_thread_blocked, id=23276, stack(0x0000006b22400000,0x0000006b22500000)]

Other Threads:
  0x000001e851b78800 VMThread "VM Thread" [stack: 0x0000006b21700000,0x0000006b21800000] [id=12452]
  0x000001e8526ea000 WatcherThread [stack: 0x0000006b22500000,0x0000006b22600000] [id=22080]
  0x000001e8307e2000 GCTaskThread "GC Thread#0" [stack: 0x0000006b20c00000,0x0000006b20d00000] [id=20428]
  0x000001e8307e4000 GCTaskThread "GC Thread#1" [stack: 0x0000006b20d00000,0x0000006b20e00000] [id=13892]
  0x000001e8307e6800 GCTaskThread "GC Thread#2" [stack: 0x0000006b20e00000,0x0000006b20f00000] [id=16412]
  0x000001e8307e7800 GCTaskThread "GC Thread#3" [stack: 0x0000006b20f00000,0x0000006b21000000] [id=17928]
  0x000001e830854800 ConcurrentGCThread "G1 Main Marker" [stack: 0x0000006b21000000,0x0000006b21100000] [id=22120]
  0x000001e830856000 ConcurrentGCThread "G1 Conc#0" [stack: 0x0000006b21100000,0x0000006b21200000] [id=16272]
  0x000001e8519f9000 ConcurrentGCThread "G1 Refine#0" [stack: 0x0000006b21200000,0x0000006b21300000] [id=10232]
  0x000001e8519fa000 ConcurrentGCThread "G1 Refine#1" [stack: 0x0000006b21300000,0x0000006b21400000] [id=20640]
  0x000001e8519fb800 ConcurrentGCThread "G1 Refine#2" [stack: 0x0000006b21400000,0x0000006b21500000] [id=7804]
  0x000001e8519fe800 ConcurrentGCThread "G1 Refine#3" [stack: 0x0000006b21500000,0x0000006b21600000] [id=22280]
  0x000001e851a03800 ConcurrentGCThread "G1 Young RemSet Sampling" [stack: 0x0000006b21600000,0x0000006b21700000] [id=7304]

Threads with active compile tasks:

VM state:not at safepoint (normal execution)

VM Mutex/Monitor currently owned by a thread:  ([mutex/lock_event])
[0x000001e8307c4920] ResolvedMethodTable_lock - owner thread: 0x000001e8307c6800

Heap address: 0x0000000081800000, size: 2024 MB, Compressed Oops mode: 32-bit
Narrow klass base: 0x0000000000000000, Narrow klass shift: 3
Compressed class space size: 1073741824 Address: 0x0000000100000000

Heap:
 garbage-first heap   total 131072K, used 12849K [0x0000000081800000, 0x0000000100000000)
  region size 1024K, 11 young (11264K), 2 survivors (2048K)
 Metaspace       used 13011K, capacity 13229K, committed 13440K, reserved 1060864K
  class space    used 1228K, capacity 1327K, committed 1408K, reserved 1048576K
Heap Regions: E=young(eden), S=young(survivor), O=old, HS=humongous(starts), HC=humongous(continues), CS=collection set, F=free, A=archive, TS=gc time stamp, AC=allocation context, TAMS=top-at-mark-start (previous, next)
|   0|0x0000000081800000, 0x0000000081900000, 0x0000000081900000|100%|HS|  |TS  0|AC  0|TAMS 0x0000000081800000, 0x0000000081800000|
|   1|0x0000000081900000, 0x0000000081a00000, 0x0000000081a00000|100%| O|  |TS  1|AC  0|TAMS 0x0000000081900000, 0x0000000081900000|
|   2|0x0000000081a00000, 0x0000000081a8c600, 0x0000000081b00000| 54%| O|  |TS  1|AC  0|TAMS 0x0000000081a00000, 0x0000000081a00000|
|   3|0x0000000081b00000, 0x0000000081b00000, 0x0000000081c00000|  0%| F|  |TS  0|AC  0|TAMS 0x0000000081b00000, 0x0000000081b00000|
|   4|0x0000000081c00000, 0x0000000081c00000, 0x0000000081d00000|  0%| F|  |TS  0|AC  0|TAMS 0x0000000081c00000, 0x0000000081c00000|
|   5|0x0000000081d00000, 0x0000000081d00000, 0x0000000081e00000|  0%| F|  |TS  0|AC  0|TAMS 0x0000000081d00000, 0x0000000081d00000|
|   6|0x0000000081e00000, 0x0000000081e00000, 0x0000000081f00000|  0%| F|  |TS  0|AC  0|TAMS 0x0000000081e00000, 0x0000000081e00000|
|   7|0x0000000081f00000, 0x0000000081f00000, 0x0000000082000000|  0%| F|  |TS  0|AC  0|TAMS 0x0000000081f00000, 0x0000000081f00000|
|   8|0x0000000082000000, 0x0000000082000000, 0x0000000082100000|  0%| F|  |TS  0|AC  0|TAMS 0x0000000082000000, 0x0000000082000000|
|   9|0x0000000082100000, 0x0000000082100000, 0x0000000082200000|  0%| F|  |TS  0|AC  0|TAMS 0x0000000082100000, 0x0000000082100000|
|  10|0x0000000082200000, 0x0000000082200000, 0x0000000082300000|  0%| F|  |TS  0|AC  0|TAMS 0x0000000082200000, 0x0000000082200000|
|  11|0x0000000082300000, 0x0000000082300000, 0x0000000082400000|  0%| F|  |TS  0|AC  0|TAMS 0x0000000082300000, 0x0000000082300000|
|  12|0x0000000082400000, 0x0000000082400000, 0x0000000082500000|  0%| F|  |TS  0|AC  0|TAMS 0x0000000082400000, 0x0000000082400000|
|  13|0x0000000082500000, 0x0000000082500000, 0x0000000082600000|  0%| F|  |TS  0|AC  0|TAMS 0x0000000082500000, 0x0000000082500000|
|  14|0x0000000082600000, 0x0000000082600000, 0x0000000082700000|  0%| F|  |TS  0|AC  0|TAMS 0x0000000082600000, 0x0000000082600000|
|  15|0x0000000082700000, 0x0000000082700000, 0x0000000082800000|  0%| F|  |TS  0|AC  0|TAMS 0x0000000082700000, 0x0000000082700000|
|  16|0x0000000082800000, 0x0000000082800000, 0x0000000082900000|  0%| F|  |TS  0|AC  0|TAMS 0x0000000082800000, 0x0000000082800000|
|  17|0x0000000082900000, 0x0000000082900000, 0x0000000082a00000|  0%| F|  |TS  0|AC  0|TAMS 0x0000000082900000, 0x0000000082900000|
|  18|0x0000000082a00000, 0x0000000082a00000, 0x0000000082b00000|  0%| F|  |TS  0|AC  0|TAMS 0x0000000082a00000, 0x0000000082a00000|
|  19|0x0000000082b00000, 0x0000000082b00000, 0x0000000082c00000|  0%| F|  |TS  0|AC  0|TAMS 0x0000000082b00000, 0x0000000082b00000|
|  20|0x0000000082c00000, 0x0000000082c00000, 0x0000000082d00000|  0%| F|  |TS  0|AC  0|TAMS 0x0000000082c00000, 0x0000000082c00000|
|  21|0x0000000082d00000, 0x0000000082d00000, 0x0000000082e00000|  0%| F|  |TS  0|AC  0|TAMS 0x0000000082d00000, 0x0000000082d00000|
|  22|0x0000000082e00000, 0x0000000082e00000, 0x0000000082f00000|  0%| F|  |TS  0|AC  0|TAMS 0x0000000082e00000, 0x0000000082e00000|
|  23|0x0000000082f00000, 0x0000000082f00000, 0x0000000083000000|  0%| F|  |TS  0|AC  0|TAMS 0x0000000082f00000, 0x0000000082f00000|
|  24|0x0000000083000000, 0x0000000083000000, 0x0000000083100000|  0%| F|  |TS  0|AC  0|TAMS 0x0000000083000000, 0x0000000083000000|
|  25|0x0000000083100000, 0x0000000083100000, 0x0000000083200000|  0%| F|  |TS  0|AC  0|TAMS 0x0000000083100000, 0x0000000083100000|
|  26|0x0000000083200000, 0x0000000083200000, 0x0000000083300000|  0%| F|  |TS  0|AC  0|TAMS 0x0000000083200000, 0x0000000083200000|
|  27|0x0000000083300000, 0x0000000083300000, 0x0000000083400000|  0%| F|  |TS  0|AC  0|TAMS 0x0000000083300000, 0x0000000083300000|
|  28|0x0000000083400000, 0x0000000083400000, 0x0000000083500000|  0%| F|  |TS  0|AC  0|TAMS 0x0000000083400000, 0x0000000083400000|
|  29|0x0000000083500000, 0x0000000083500000, 0x0000000083600000|  0%| F|  |TS  0|AC  0|TAMS 0x0000000083500000, 0x0000000083500000|
|  30|0x0000000083600000, 0x0000000083600000, 0x0000000083700000|  0%| F|  |TS  0|AC  0|TAMS 0x0000000083600000, 0x0000000083600000|
|  31|0x0000000083700000, 0x0000000083700000, 0x0000000083800000|  0%| F|  |TS  0|AC  0|TAMS 0x0000000083700000, 0x0000000083700000|
|  32|0x0000000083800000, 0x0000000083800000, 0x0000000083900000|  0%| F|  |TS  0|AC  0|TAMS 0x0000000083800000, 0x0000000083800000|
|  33|0x0000000083900000, 0x0000000083900000, 0x0000000083a00000|  0%| F|  |TS  0|AC  0|TAMS 0x0000000083900000, 0x0000000083900000|
|  34|0x0000000083a00000, 0x0000000083a00000, 0x0000000083b00000|  0%| F|  |TS  0|AC  0|TAMS 0x0000000083a00000, 0x0000000083a00000|
|  35|0x0000000083b00000, 0x0000000083b00000, 0x0000000083c00000|  0%| F|  |TS  0|AC  0|TAMS 0x0000000083b00000, 0x0000000083b00000|
|  36|0x0000000083c00000, 0x0000000083c00000, 0x0000000083d00000|  0%| F|  |TS  0|AC  0|TAMS 0x0000000083c00000, 0x0000000083c00000|
|  37|0x0000000083d00000, 0x0000000083d00000, 0x0000000083e00000|  0%| F|  |TS  0|AC  0|TAMS 0x0000000083d00000, 0x0000000083d00000|
|  38|0x0000000083e00000, 0x0000000083e00000, 0x0000000083f00000|  0%| F|  |TS  0|AC  0|TAMS 0x0000000083e00000, 0x0000000083e00000|
|  39|0x0000000083f00000, 0x0000000083f00000, 0x0000000084000000|  0%| F|  |TS  0|AC  0|TAMS 0x0000000083f00000, 0x0000000083f00000|
|  40|0x0000000084000000, 0x0000000084000000, 0x0000000084100000|  0%| F|  |TS  0|AC  0|TAMS 0x0000000084000000, 0x0000000084000000|
|  41|0x0000000084100000, 0x0000000084100000, 0x0000000084200000|  0%| F|  |TS  0|AC  0|TAMS 0x0000000084100000, 0x0000000084100000|
|  42|0x0000000084200000, 0x0000000084200000, 0x0000000084300000|  0%| F|  |TS  0|AC  0|TAMS 0x0000000084200000, 0x0000000084200000|
|  43|0x0000000084300000, 0x0000000084300000, 0x0000000084400000|  0%| F|  |TS  0|AC  0|TAMS 0x0000000084300000, 0x0000000084300000|
|  44|0x0000000084400000, 0x0000000084400000, 0x0000000084500000|  0%| F|  |TS  0|AC  0|TAMS 0x0000000084400000, 0x0000000084400000|
|  45|0x0000000084500000, 0x0000000084500000, 0x0000000084600000|  0%| F|  |TS  0|AC  0|TAMS 0x0000000084500000, 0x0000000084500000|
|  46|0x0000000084600000, 0x0000000084600000, 0x0000000084700000|  0%| F|  |TS  0|AC  0|TAMS 0x0000000084600000, 0x0000000084600000|
|  47|0x0000000084700000, 0x0000000084700000, 0x0000000084800000|  0%| F|  |TS  0|AC  0|TAMS 0x0000000084700000, 0x0000000084700000|
|  48|0x0000000084800000, 0x0000000084800000, 0x0000000084900000|  0%| F|  |TS  0|AC  0|TAMS 0x0000000084800000, 0x0000000084800000|
|  49|0x0000000084900000, 0x0000000084900000, 0x0000000084a00000|  0%| F|  |TS  0|AC  0|TAMS 0x0000000084900000, 0x0000000084900000|
|  50|0x0000000084a00000, 0x0000000084a00000, 0x0000000084b00000|  0%| F|  |TS  0|AC  0|TAMS 0x0000000084a00000, 0x0000000084a00000|
|  51|0x0000000084b00000, 0x0000000084b00000, 0x0000000084c00000|  0%| F|  |TS  0|AC  0|TAMS 0x0000000084b00000, 0x0000000084b00000|
|  52|0x0000000084c00000, 0x0000000084c00000, 0x0000000084d00000|  0%| F|  |TS  0|AC  0|TAMS 0x0000000084c00000, 0x0000000084c00000|
|  53|0x0000000084d00000, 0x0000000084d00000, 0x0000000084e00000|  0%| F|  |TS  0|AC  0|TAMS 0x0000000084d00000, 0x0000000084d00000|
|  54|0x0000000084e00000, 0x0000000084e00000, 0x0000000084f00000|  0%| F|  |TS  0|AC  0|TAMS 0x0000000084e00000, 0x0000000084e00000|
|  55|0x0000000084f00000, 0x0000000084f00000, 0x0000000085000000|  0%| F|  |TS  0|AC  0|TAMS 0x0000000084f00000, 0x0000000084f00000|
|  56|0x0000000085000000, 0x0000000085000000, 0x0000000085100000|  0%| F|  |TS  0|AC  0|TAMS 0x0000000085000000, 0x0000000085000000|
|  57|0x0000000085100000, 0x0000000085100000, 0x0000000085200000|  0%| F|  |TS  0|AC  0|TAMS 0x0000000085100000, 0x0000000085100000|
|  58|0x0000000085200000, 0x0000000085200000, 0x0000000085300000|  0%| F|  |TS  0|AC  0|TAMS 0x0000000085200000, 0x0000000085200000|
|  59|0x0000000085300000, 0x0000000085300000, 0x0000000085400000|  0%| F|  |TS  0|AC  0|TAMS 0x0000000085300000, 0x0000000085300000|
|  60|0x0000000085400000, 0x0000000085400000, 0x0000000085500000|  0%| F|  |TS  0|AC  0|TAMS 0x0000000085400000, 0x0000000085400000|
|  61|0x0000000085500000, 0x0000000085500000, 0x0000000085600000|  0%| F|  |TS  0|AC  0|TAMS 0x0000000085500000, 0x0000000085500000|
|  62|0x0000000085600000, 0x0000000085600000, 0x0000000085700000|  0%| F|  |TS  0|AC  0|TAMS 0x0000000085600000, 0x0000000085600000|
|  63|0x0000000085700000, 0x0000000085700000, 0x0000000085800000|  0%| F|  |TS  0|AC  0|TAMS 0x0000000085700000, 0x0000000085700000|
|  64|0x0000000085800000, 0x0000000085800000, 0x0000000085900000|  0%| F|  |TS  0|AC  0|TAMS 0x0000000085800000, 0x0000000085800000|
|  65|0x0000000085900000, 0x0000000085900000, 0x0000000085a00000|  0%| F|  |TS  0|AC  0|TAMS 0x0000000085900000, 0x0000000085900000|
|  66|0x0000000085a00000, 0x0000000085a00000, 0x0000000085b00000|  0%| F|  |TS  0|AC  0|TAMS 0x0000000085a00000, 0x0000000085a00000|
|  67|0x0000000085b00000, 0x0000000085b00000, 0x0000000085c00000|  0%| F|  |TS  0|AC  0|TAMS 0x0000000085b00000, 0x0000000085b00000|
|  68|0x0000000085c00000, 0x0000000085c00000, 0x0000000085d00000|  0%| F|  |TS  0|AC  0|TAMS 0x0000000085c00000, 0x0000000085c00000|
|  69|0x0000000085d00000, 0x0000000085d00000, 0x0000000085e00000|  0%| F|  |TS  0|AC  0|TAMS 0x0000000085d00000, 0x0000000085d00000|
|  70|0x0000000085e00000, 0x0000000085e00000, 0x0000000085f00000|  0%| F|  |TS  0|AC  0|TAMS 0x0000000085e00000, 0x0000000085e00000|
|  71|0x0000000085f00000, 0x0000000085f00000, 0x0000000086000000|  0%| F|  |TS  0|AC  0|TAMS 0x0000000085f00000, 0x0000000085f00000|
|  72|0x0000000086000000, 0x0000000086000000, 0x0000000086100000|  0%| F|  |TS  0|AC  0|TAMS 0x0000000086000000, 0x0000000086000000|
|  73|0x0000000086100000, 0x0000000086100000, 0x0000000086200000|  0%| F|  |TS  0|AC  0|TAMS 0x0000000086100000, 0x0000000086100000|
|  74|0x0000000086200000, 0x0000000086200000, 0x0000000086300000|  0%| F|  |TS  0|AC  0|TAMS 0x0000000086200000, 0x0000000086200000|
|  75|0x0000000086300000, 0x0000000086300000, 0x0000000086400000|  0%| F|  |TS  0|AC  0|TAMS 0x0000000086300000, 0x0000000086300000|
|  76|0x0000000086400000, 0x0000000086400000, 0x0000000086500000|  0%| F|  |TS  0|AC  0|TAMS 0x0000000086400000, 0x0000000086400000|
|  77|0x0000000086500000, 0x0000000086500000, 0x0000000086600000|  0%| F|  |TS  0|AC  0|TAMS 0x0000000086500000, 0x0000000086500000|
|  78|0x0000000086600000, 0x0000000086600000, 0x0000000086700000|  0%| F|  |TS  0|AC  0|TAMS 0x0000000086600000, 0x0000000086600000|
|  79|0x0000000086700000, 0x0000000086700000, 0x0000000086800000|  0%| F|  |TS  0|AC  0|TAMS 0x0000000086700000, 0x0000000086700000|
|  80|0x0000000086800000, 0x0000000086800000, 0x0000000086900000|  0%| F|  |TS  0|AC  0|TAMS 0x0000000086800000, 0x0000000086800000|
|  81|0x0000000086900000, 0x0000000086900000, 0x0000000086a00000|  0%| F|  |TS  0|AC  0|TAMS 0x0000000086900000, 0x0000000086900000|
|  82|0x0000000086a00000, 0x0000000086a00000, 0x0000000086b00000|  0%| F|  |TS  0|AC  0|TAMS 0x0000000086a00000, 0x0000000086a00000|
|  83|0x0000000086b00000, 0x0000000086b00000, 0x0000000086c00000|  0%| F|  |TS  0|AC  0|TAMS 0x0000000086b00000, 0x0000000086b00000|
|  84|0x0000000086c00000, 0x0000000086c00000, 0x0000000086d00000|  0%| F|  |TS  0|AC  0|TAMS 0x0000000086c00000, 0x0000000086c00000|
|  85|0x0000000086d00000, 0x0000000086d00000, 0x0000000086e00000|  0%| F|  |TS  0|AC  0|TAMS 0x0000000086d00000, 0x0000000086d00000|
|  86|0x0000000086e00000, 0x0000000086e00000, 0x0000000086f00000|  0%| F|  |TS  0|AC  0|TAMS 0x0000000086e00000, 0x0000000086e00000|
|  87|0x0000000086f00000, 0x0000000086f00000, 0x0000000087000000|  0%| F|  |TS  0|AC  0|TAMS 0x0000000086f00000, 0x0000000086f00000|
|  88|0x0000000087000000, 0x0000000087000000, 0x0000000087100000|  0%| F|  |TS  0|AC  0|TAMS 0x0000000087000000, 0x0000000087000000|
|  89|0x0000000087100000, 0x0000000087100000, 0x0000000087200000|  0%| F|  |TS  0|AC  0|TAMS 0x0000000087100000, 0x0000000087100000|
|  90|0x0000000087200000, 0x0000000087200000, 0x0000000087300000|  0%| F|  |TS  0|AC  0|TAMS 0x0000000087200000, 0x0000000087200000|
|  91|0x0000000087300000, 0x0000000087300000, 0x0000000087400000|  0%| F|  |TS  0|AC  0|TAMS 0x0000000087300000, 0x0000000087300000|
|  92|0x0000000087400000, 0x0000000087400000, 0x0000000087500000|  0%| F|  |TS  0|AC  0|TAMS 0x0000000087400000, 0x0000000087400000|
|  93|0x0000000087500000, 0x0000000087500000, 0x0000000087600000|  0%| F|  |TS  0|AC  0|TAMS 0x0000000087500000, 0x0000000087500000|
|  94|0x0000000087600000, 0x0000000087600000, 0x0000000087700000|  0%| F|  |TS  0|AC  0|TAMS 0x0000000087600000, 0x0000000087600000|
|  95|0x0000000087700000, 0x0000000087700000, 0x0000000087800000|  0%| F|  |TS  0|AC  0|TAMS 0x0000000087700000, 0x0000000087700000|
|  96|0x0000000087800000, 0x0000000087800000, 0x0000000087900000|  0%| F|  |TS  0|AC  0|TAMS 0x0000000087800000, 0x0000000087800000|
|  97|0x0000000087900000, 0x0000000087900000, 0x0000000087a00000|  0%| F|  |TS  0|AC  0|TAMS 0x0000000087900000, 0x0000000087900000|
|  98|0x0000000087a00000, 0x0000000087a00000, 0x0000000087b00000|  0%| F|  |TS  0|AC  0|TAMS 0x0000000087a00000, 0x0000000087a00000|
|  99|0x0000000087b00000, 0x0000000087b00000, 0x0000000087c00000|  0%| F|  |TS  0|AC  0|TAMS 0x0000000087b00000, 0x0000000087b00000|
| 100|0x0000000087c00000, 0x0000000087c00000, 0x0000000087d00000|  0%| F|  |TS  0|AC  0|TAMS 0x0000000087c00000, 0x0000000087c00000|
| 101|0x0000000087d00000, 0x0000000087d00000, 0x0000000087e00000|  0%| F|  |TS  0|AC  0|TAMS 0x0000000087d00000, 0x0000000087d00000|
| 102|0x0000000087e00000, 0x0000000087e00000, 0x0000000087f00000|  0%| F|  |TS  0|AC  0|TAMS 0x0000000087e00000, 0x0000000087e00000|
| 103|0x0000000087f00000, 0x0000000087f00000, 0x0000000088000000|  0%| F|  |TS  0|AC  0|TAMS 0x0000000087f00000, 0x0000000087f00000|
| 104|0x0000000088000000, 0x0000000088000000, 0x0000000088100000|  0%| F|  |TS  0|AC  0|TAMS 0x0000000088000000, 0x0000000088000000|
| 105|0x0000000088100000, 0x0000000088100000, 0x0000000088200000|  0%| F|  |TS  0|AC  0|TAMS 0x0000000088100000, 0x0000000088100000|
| 106|0x0000000088200000, 0x0000000088200000, 0x0000000088300000|  0%| F|  |TS  0|AC  0|TAMS 0x0000000088200000, 0x0000000088200000|
| 107|0x0000000088300000, 0x0000000088300000, 0x0000000088400000|  0%| F|  |TS  0|AC  0|TAMS 0x0000000088300000, 0x0000000088300000|
| 108|0x0000000088400000, 0x0000000088400000, 0x0000000088500000|  0%| F|  |TS  0|AC  0|TAMS 0x0000000088400000, 0x0000000088400000|
| 109|0x0000000088500000, 0x0000000088500000, 0x0000000088600000|  0%| F|  |TS  0|AC  0|TAMS 0x0000000088500000, 0x0000000088500000|
| 110|0x0000000088600000, 0x0000000088600000, 0x0000000088700000|  0%| F|  |TS  0|AC  0|TAMS 0x0000000088600000, 0x0000000088600000|
| 111|0x0000000088700000, 0x0000000088700000, 0x0000000088800000|  0%| F|  |TS  0|AC  0|TAMS 0x0000000088700000, 0x0000000088700000|
| 112|0x0000000088800000, 0x0000000088900000, 0x0000000088900000|100%| S|CS|TS  1|AC  0|TAMS 0x0000000088800000, 0x0000000088800000|
| 113|0x0000000088900000, 0x0000000088a00000, 0x0000000088a00000|100%| S|CS|TS  1|AC  0|TAMS 0x0000000088900000, 0x0000000088900000|
| 114|0x0000000088a00000, 0x0000000088a00000, 0x0000000088b00000|  0%| F|  |TS  1|AC  0|TAMS 0x0000000088a00000, 0x0000000088a00000|
| 115|0x0000000088b00000, 0x0000000088b00000, 0x0000000088c00000|  0%| F|  |TS  1|AC  0|TAMS 0x0000000088b00000, 0x0000000088b00000|
| 116|0x0000000088c00000, 0x0000000088c00000, 0x0000000088d00000|  0%| F|  |TS  1|AC  0|TAMS 0x0000000088c00000, 0x0000000088c00000|
| 117|0x0000000088d00000, 0x0000000088d00000, 0x0000000088e00000|  0%| F|  |TS  1|AC  0|TAMS 0x0000000088d00000, 0x0000000088d00000|
| 118|0x0000000088e00000, 0x0000000088e00000, 0x0000000088f00000|  0%| F|  |TS  1|AC  0|TAMS 0x0000000088e00000, 0x0000000088e00000|
| 119|0x0000000088f00000, 0x0000000088f80800, 0x0000000089000000| 50%| E|  |TS  1|AC  0|TAMS 0x0000000088f00000, 0x0000000088f00000|
| 120|0x0000000089000000, 0x0000000089100000, 0x0000000089100000|100%| E|CS|TS  1|AC  0|TAMS 0x0000000089000000, 0x0000000089000000|
| 121|0x0000000089100000, 0x0000000089200000, 0x0000000089200000|100%| E|CS|TS  1|AC  0|TAMS 0x0000000089100000, 0x0000000089100000|
| 122|0x0000000089200000, 0x0000000089300000, 0x0000000089300000|100%| E|CS|TS  1|AC  0|TAMS 0x0000000089200000, 0x0000000089200000|
| 123|0x0000000089300000, 0x0000000089400000, 0x0000000089400000|100%| E|CS|TS  1|AC  0|TAMS 0x0000000089300000, 0x0000000089300000|
| 124|0x0000000089400000, 0x0000000089500000, 0x0000000089500000|100%| E|CS|TS  1|AC  0|TAMS 0x0000000089400000, 0x0000000089400000|
| 125|0x0000000089500000, 0x0000000089600000, 0x0000000089600000|100%| E|CS|TS  1|AC  0|TAMS 0x0000000089500000, 0x0000000089500000|
| 126|0x0000000089600000, 0x0000000089700000, 0x0000000089700000|100%| E|CS|TS  1|AC  0|TAMS 0x0000000089600000, 0x0000000089600000|
| 127|0x0000000089700000, 0x0000000089800000, 0x0000000089800000|100%| E|CS|TS  1|AC  0|TAMS 0x0000000089700000, 0x0000000089700000|

Card table byte_map: [0x000001e84af50000,0x000001e84b350000] byte_map_base: 0x000001e84ab44000

Marking Bits (Prev, Next): (CMBitMap*) 0x000001e830853c90, (CMBitMap*) 0x000001e830853cc8
 Prev Bits: [0x000001e84b750000, 0x000001e84d6f0000)
 Next Bits: [0x000001e84d6f0000, 0x000001e84f690000)

Polling page: 0x000001e82e250000

CodeHeap 'non-profiled nmethods': size=120064Kb used=379Kb max_used=379Kb free=119684Kb
 bounds [0x000001e843610000, 0x000001e843880000, 0x000001e84ab50000]
CodeHeap 'profiled nmethods': size=120000Kb used=2138Kb max_used=2138Kb free=117861Kb
 bounds [0x000001e83c0e0000, 0x000001e83c350000, 0x000001e843610000]
CodeHeap 'non-nmethods': size=5696Kb used=1169Kb max_used=1183Kb free=4526Kb
 bounds [0x000001e83bb50000, 0x000001e83bdc0000, 0x000001e83c0e0000]
 total_blobs=1768 nmethods=1158 adapters=298
 compilation: enabled

Compilation events (10 events):
Event: 14379.586 Thread 0x000001e851bbc800 1152       3       jdk.internal.loader.BuiltinClassLoader::defineClass (121 bytes)
Event: 14379.586 Thread 0x000001e851bb8800 nmethod 1150 0x000001e84366e310 code [0x000001e84366e4c0, 0x000001e84366e798]
Event: 14379.587 Thread 0x000001e851bbc800 nmethod 1152 0x000001e83c2f1b10 code [0x000001e83c2f1e60, 0x000001e83c2f33b0]
Event: 14379.588 Thread 0x000001e851bbc800 1153       3       jdk.internal.org.objectweb.asm.Label::resolve (214 bytes)
Event: 14379.588 Thread 0x000001e851bbc800 nmethod 1153 0x000001e83c2f3b10 code [0x000001e83c2f3d00, 0x000001e83c2f4218]
Event: 14379.590 Thread 0x000001e851bbc800 1155       3       java.lang.AbstractStringBuilder::append (33 bytes)
Event: 14379.590 Thread 0x000001e851bbc800 nmethod 1155 0x000001e83c2f4590 code [0x000001e83c2f4760, 0x000001e83c2f49b0]
Event: 14379.591 Thread 0x000001e851bbc800 1156       1       java.lang.invoke.MethodHandles$Lookup::lookupClass (5 bytes)
Event: 14379.591 Thread 0x000001e851bbc800 nmethod 1156 0x000001e84366eb90 code [0x000001e84366ed40, 0x000001e84366ee58]
Event: 14379.594 Thread 0x000001e851bbc800 1157       3       java.lang.invoke.MethodHandles$Lookup::checkAccess (226 bytes)

GC Heap History (2 events):
Event: 1.177 GC heap before
{Heap before GC invocations=0 (full 0):
 garbage-first heap   total 131072K, used 15360K [0x0000000081800000, 0x0000000100000000)
  region size 1024K, 14 young (14336K), 0 survivors (0K)
 Metaspace       used 10757K, capacity 10944K, committed 11136K, reserved 1058816K
  class space    used 985K, capacity 1054K, committed 1152K, reserved 1048576K
}
Event: 1.181 GC heap after
{Heap after GC invocations=1 (full 0):
 garbage-first heap   total 131072K, used 4657K [0x0000000081800000, 0x0000000100000000)
  region size 1024K, 2 young (2048K), 2 survivors (2048K)
 Metaspace       used 10757K, capacity 10944K, committed 11136K, reserved 1058816K
  class space    used 985K, capacity 1054K, committed 1152K, reserved 1048576K
}

Deoptimization events (10 events):
Event: 1.272 Thread 0x000001e8307c6800 Uncommon trap: reason=bimorphic_or_optimized_type_check action=maybe_recompile pc=0x000001e843642568 method=java.util.HashMap.putVal(ILjava/lang/Object;Ljava/lang/Object;ZZ)Ljava/lang/Object; @ 91 c2
Event: 1.311 Thread 0x000001e8307c6800 Uncommon trap: reason=unstable_if action=reinterpret pc=0x000001e84363e7b8 method=java.util.HashMap.hash(Ljava/lang/Object;)I @ 1 c2
Event: 1.328 Thread 0x000001e8307c6800 Uncommon trap: reason=class_check action=maybe_recompile pc=0x000001e8436172dc method=java.lang.String.equals(Ljava/lang/Object;)Z @ 8 c2
Event: 1.357 Thread 0x000001e8307c6800 Uncommon trap: reason=unstable_if action=reinterpret pc=0x000001e843645554 method=java.lang.AbstractStringBuilder.putStringAt(ILjava/lang/String;)V @ 8 c2
Event: 1.357 Thread 0x000001e8307c6800 Uncommon trap: reason=unstable_if action=reinterpret pc=0x000001e84365a0f0 method=java.lang.AbstractStringBuilder.putStringAt(ILjava/lang/String;)V @ 8 c2
Event: 1.357 Thread 0x000001e8307c6800 Uncommon trap: reason=unstable_if action=reinterpret pc=0x000001e84363b1fc method=java.lang.AbstractStringBuilder.isLatin1()Z @ 10 c2
Event: 1.357 Thread 0x000001e8307c6800 Uncommon trap: reason=unstable_if action=reinterpret pc=0x000001e84364fb88 method=java.lang.String.getBytes([BIB)V @ 5 c2
Event: 1.357 Thread 0x000001e8307c6800 Uncommon trap: reason=unstable_if action=reinterpret pc=0x000001e84366246c method=java.lang.AbstractStringBuilder.isLatin1()Z @ 10 c2
Event: 1.357 Thread 0x000001e8307c6800 Uncommon trap: reason=unstable_if action=reinterpret pc=0x000001e843632dfc method=java.lang.String.indexOf(II)I @ 4 c2
Event: 14379.524 Thread 0x000001e8307c6800 Uncommon trap: reason=unstable_if action=reinterpret pc=0x000001e84365ec04 method=java.nio.Buffer.hasRemaining()Z @ 8 c2

Classes redefined (10 events):
Event: 8850.824 Thread 0x000001e851b78800 redefined class name=testcase.Newtset, count=8
Event: 8954.047 Thread 0x000001e851b78800 redefined class name=testcase.Newtset, count=9
Event: 10680.156 Thread 0x000001e851b78800 redefined class name=testcase.Newtset, count=10
Event: 10703.661 Thread 0x000001e851b78800 redefined class name=testcase.Newtset, count=11
Event: 10761.642 Thread 0x000001e851b78800 redefined class name=testcase.Newtset, count=12
Event: 10784.107 Thread 0x000001e851b78800 redefined class name=testcase.Newtset, count=13
Event: 10820.660 Thread 0x000001e851b78800 redefined class name=testcase.Newtset, count=14
Event: 10869.630 Thread 0x000001e851b78800 redefined class name=testcase.Newtset, count=15
Event: 11045.978 Thread 0x000001e851b78800 redefined class name=testcase.Newtset, count=16
Event: 11708.042 Thread 0x000001e851b78800 redefined class name=testcase.Newtset, count=17

Internal exceptions (10 events):
Event: 0.792 Thread 0x000001e8307c6800 Exception <a 'java/lang/NoSuchMethodError'{0x0000000088db0898}: method resolution failed> (0x0000000088db0898) thrown at [t:/workspace/open/src/hotspot/share/prims/methodHandles.cpp, line 1226]
Event: 0.795 Thread 0x000001e8307c6800 Exception <a 'java/lang/NoSuchMethodError'{0x0000000088dc9308}: method resolution failed> (0x0000000088dc9308) thrown at [t:/workspace/open/src/hotspot/share/prims/methodHandles.cpp, line 1226]
Event: 0.800 Thread 0x000001e8307c6800 Exception <a 'java/lang/NoSuchMethodError'{0x0000000088de3a58}: method resolution failed> (0x0000000088de3a58) thrown at [t:/workspace/open/src/hotspot/share/prims/methodHandles.cpp, line 1226]
Event: 0.908 Thread 0x000001e8307c6800 Exception <a 'java/lang/NoSuchMethodError'{0x0000000088b8d298}: method resolution failed> (0x0000000088b8d298) thrown at [t:/workspace/open/src/hotspot/share/prims/methodHandles.cpp, line 1226]
Event: 0.909 Thread 0x000001e8307c6800 Exception <a 'java/lang/NoSuchMethodError'{0x0000000088b90830}: java.lang.invoke.DirectMethodHandle$Holder.invokeStaticInit(Ljava/lang/Object;IIII)Ljava/lang/Object;> (0x0000000088b90830) thrown at [t:/workspace/open/src/hotspot/share/interpreter/linkReso
Event: 1.106 Thread 0x000001e8307c6800 Exception <a 'java/lang/NoSuchMethodError'{0x0000000088a673e0}: method resolution failed> (0x0000000088a673e0) thrown at [t:/workspace/open/src/hotspot/share/prims/methodHandles.cpp, line 1226]
Event: 1.107 Thread 0x000001e8307c6800 Exception <a 'java/lang/NoSuchMethodError'{0x0000000088a6a9d8}: java.lang.invoke.DirectMethodHandle$Holder.invokeStaticInit(Ljava/lang/Object;Ljava/lang/Object;IIII)Ljava/lang/Object;> (0x0000000088a6a9d8) thrown at [t:/workspace/open/src/hotspot/share/in
Event: 1.311 Thread 0x000001e8307c6800 Implicit null exception at 0x000001e84363e574 to 0x000001e84363e7a6
Event: 14379.541 Thread 0x000001e8307c6800 Exception <a 'java/lang/NoSuchMethodError'{0x00000000891ed2d0}: java.lang.Object.lambda$union$2(Ljava/util/regex/Pattern$CharPredicate;I)Z> (0x00000000891ed2d0) thrown at [t:/workspace/open/src/hotspot/share/interpreter/linkResolver.cpp, line 741]
Event: 14379.589 Thread 0x000001e8307c6800 Exception <a 'java/lang/NoSuchMethodError'{0x0000000088f515e8}: java.lang.invoke.DirectMethodHandle$Holder.invokeStatic(Ljava/lang/Object;Ljava/lang/Object;Ljava/lang/Object;)I> (0x0000000088f515e8) thrown at [t:/workspace/open/src/hotspot/share/interpret

Events (10 events):
Event: 14379.592 loading class java/util/stream/FindOps$FindSink$OfRef
Event: 14379.592 loading class java/util/stream/FindOps$FindSink
Event: 14379.593 loading class java/util/stream/FindOps$FindSink done
Event: 14379.593 loading class java/util/stream/FindOps$FindSink$OfRef done
Event: 14379.593 loading class java/util/stream/FindOps$FindOp
Event: 14379.593 loading class java/util/stream/FindOps$FindOp done
Event: 14379.594 loading class java/util/stream/WhileOps$1Op$1OpSink
Event: 14379.594 loading class java/util/stream/WhileOps$DropWhileSink
Event: 14379.595 loading class java/util/stream/WhileOps$DropWhileSink done
Event: 14379.595 loading class java/util/stream/WhileOps$1Op$1OpSink done


Dynamic libraries:
0x00007ff7e9f90000 - 0x00007ff7e9fce000 	H:\software\Java\jdk-10.0.2\bin\java.exe
0x00007fff900b0000 - 0x00007fff9028b000 	C:\Windows\SYSTEM32\ntdll.dll
0x00007fff8e650000 - 0x00007fff8e6fe000 	C:\Windows\System32\KERNEL32.DLL
0x00007fff8cfa0000 - 0x00007fff8d1ea000 	C:\Windows\System32\KERNELBASE.dll
0x00007fff8d710000 - 0x00007fff8d7b1000 	C:\Windows\System32\ADVAPI32.dll
0x00007fff8d610000 - 0x00007fff8d6ad000 	C:\Windows\System32\msvcrt.dll
0x00007fff8fe80000 - 0x00007fff8fed9000 	C:\Windows\System32\sechost.dll
0x00007fff8fbc0000 - 0x00007fff8fce5000 	C:\Windows\System32\RPCRT4.dll
0x00007fff8e1f0000 - 0x00007fff8e33a000 	C:\Windows\System32\USER32.dll
0x00007fff8cf20000 - 0x00007fff8cf3e000 	C:\Windows\System32\win32u.dll
0x00007fff8fe40000 - 0x00007fff8fe67000 	C:\Windows\System32\GDI32.dll
0x00007fff8c5d0000 - 0x00007fff8c758000 	C:\Windows\System32\gdi32full.dll
0x00007fff8d1f0000 - 0x00007fff8d28a000 	C:\Windows\System32\msvcp_win.dll
0x00007fff8d340000 - 0x00007fff8d436000 	C:\Windows\System32\ucrtbase.dll
0x00007fff88270000 - 0x00007fff884d7000 	C:\Windows\WinSxS\amd64_microsoft.windows.common-controls_6595b64144ccf1df_6.0.15063.1155_none_40c7922129a7722b\COMCTL32.dll
0x00007fff8d840000 - 0x00007fff8db39000 	C:\Windows\System32\combase.dll
0x00007fff8c760000 - 0x00007fff8c7ca000 	C:\Windows\System32\bcryptPrimitives.dll
0x00007fff87450000 - 0x00007fff8745a000 	C:\Windows\SYSTEM32\VERSION.dll
0x00007fff8e090000 - 0x00007fff8e0bd000 	C:\Windows\System32\IMM32.DLL
0x00007fff75050000 - 0x00007fff7513f000 	H:\software\Java\jdk-10.0.2\bin\msvcr120.dll
0x00007fff74fa0000 - 0x00007fff75046000 	H:\software\Java\jdk-10.0.2\bin\msvcp120.dll
0x00000000655b0000 - 0x0000000066020000 	H:\software\Java\jdk-10.0.2\bin\server\jvm.dll
0x00007fff8e140000 - 0x00007fff8e148000 	C:\Windows\System32\PSAPI.DLL
0x00007fff87320000 - 0x00007fff87329000 	C:\Windows\SYSTEM32\WSOCK32.dll
0x00007fff8d7d0000 - 0x00007fff8d83c000 	C:\Windows\System32\WS2_32.dll
0x00007fff851c0000 - 0x00007fff851e3000 	C:\Windows\SYSTEM32\WINMM.dll
0x00007fff85190000 - 0x00007fff851bb000 	C:\Windows\SYSTEM32\WINMMBASE.dll
0x00007fff8c7d0000 - 0x00007fff8c819000 	C:\Windows\System32\cfgmgr32.dll
0x00007fff88550000 - 0x00007fff8855f000 	H:\software\Java\jdk-10.0.2\bin\verify.dll
0x00007fff87150000 - 0x00007fff872f9000 	C:\Windows\SYSTEM32\DBGHELP.DLL
0x00007fff87120000 - 0x00007fff87149000 	C:\Windows\SYSTEM32\dbgcore.DLL
0x00007fff80ff0000 - 0x00007fff81017000 	H:\software\Java\jdk-10.0.2\bin\java.dll
0x00007fff802e0000 - 0x00007fff80316000 	H:\software\Java\jdk-10.0.2\bin\jdwp.dll
0x00007fff80f80000 - 0x00007fff80faa000 	H:\software\Java\jdk-10.0.2\bin\instrument.dll
0x00007fff86430000 - 0x00007fff86446000 	H:\software\Java\jdk-10.0.2\bin\zip.dll
0x00007fff88540000 - 0x00007fff8854a000 	H:\software\Java\jdk-10.0.2\bin\jimage.dll
0x00007fff8e700000 - 0x00007fff8fb39000 	C:\Windows\System32\SHELL32.dll
0x00007fff90000000 - 0x00007fff900aa000 	C:\Windows\System32\shcore.dll
0x00007fff8c820000 - 0x00007fff8cf11000 	C:\Windows\System32\windows.storage.dll
0x00007fff8d6b0000 - 0x00007fff8d701000 	C:\Windows\System32\shlwapi.dll
0x00007fff8c5b0000 - 0x00007fff8c5c1000 	C:\Windows\System32\kernel.appcore.dll
0x00007fff8c540000 - 0x00007fff8c58c000 	C:\Windows\System32\powrprof.dll
0x00007fff8c520000 - 0x00007fff8c535000 	C:\Windows\System32\profapi.dll
0x00007fff86330000 - 0x00007fff8633a000 	H:\software\Java\jdk-10.0.2\bin\dt_socket.dll
0x00007fff8be30000 - 0x00007fff8be8c000 	C:\Windows\system32\mswsock.dll
0x00007fff7f880000 - 0x00007fff7f89a000 	H:\software\Java\jdk-10.0.2\bin\net.dll
0x00007fff859a0000 - 0x00007fff85a76000 	C:\Windows\SYSTEM32\WINHTTP.dll
0x00007fff7f790000 - 0x00007fff7f7a1000 	H:\software\Java\jdk-10.0.2\bin\nio.dll
0x00007fff8bfd0000 - 0x00007fff8bfe7000 	C:\Windows\SYSTEM32\CRYPTSP.dll
0x00007fff8ba60000 - 0x00007fff8ba94000 	C:\Windows\system32\rsaenh.dll
0x00007fff8c0e0000 - 0x00007fff8c105000 	C:\Windows\SYSTEM32\bcrypt.dll
0x00007fff8c450000 - 0x00007fff8c479000 	C:\Windows\SYSTEM32\USERENV.dll
0x00007fff8bff0000 - 0x00007fff8bffb000 	C:\Windows\SYSTEM32\CRYPTBASE.dll
0x00007fff8bbd0000 - 0x00007fff8bc07000 	C:\Windows\SYSTEM32\IPHLPAPI.DLL
0x00007fff8d7c0000 - 0x00007fff8d7c8000 	C:\Windows\System32\NSI.dll
0x00007fff88f50000 - 0x00007fff88f66000 	C:\Windows\SYSTEM32\dhcpcsvc6.DLL
0x00007fff88f30000 - 0x00007fff88f4a000 	C:\Windows\SYSTEM32\dhcpcsvc.DLL

dbghelp: loaded successfully - version: 4.0.5 - missing functions: none
symbol engine: initialized successfully - sym options: 0x614 - pdb path: .;H:\software\Java\jdk-10.0.2\bin;C:\Windows\SYSTEM32;C:\Windows\WinSxS\amd64_microsoft.windows.common-controls_6595b64144ccf1df_6.0.15063.1155_none_40c7922129a7722b;H:\software\Java\jdk-10.0.2\bin\server

VM Arguments:
jvm_args: -agentlib:jdwp=transport=dt_socket,address=127.0.0.1:14444,suspend=y,server=n -ea -Dfile.encoding=UTF-8 -Didea.test.cyclic.buffer.size=1048576 -javaagent:C:\Users\yanglin\.IntelliJIdea2018.2\system\captureAgent\debugger-agent.jar=file:/C:/Users/yanglin/AppData/Local/Temp/capture.props 
java_command: org.testng.RemoteTestNGStarter -usedefaultlisteners false -socket14443 @w@C:\Users\yanglin\AppData\Local\Temp\idea_working_dirs_testng.tmp -temp C:\Users\yanglin\AppData\Local\Temp\idea_testng.tmp
java_class_path (initial): H:\software\IntelliJ IDEA 2018.2\lib\idea_rt.jar;H:\software\IntelliJ IDEA 2018.2\plugins\testng\lib\testng-plugin.jar;H:\testProj\target\test-classes;H:\testProj\target\classes;H:\software\apache-maven\maven-repository\backport-util-concurrent\backport-util-concurrent\3.1\backport-util-concurrent-3.1.jar;H:\software\apache-maven\maven-repository\org\testng\testng\6.8\testng-6.8.jar;H:\software\apache-maven\maven-repository\junit\junit\4.10\junit-4.10.jar;H:\software\apache-maven\maven-repository\org\hamcrest\hamcrest-core\1.1\hamcrest-core-1.1.jar;H:\software\apache-maven\maven-repository\org\beanshell\bsh\2.0b4\bsh-2.0b4.jar;H:\software\apache-maven\maven-repository\com\beust\jcommander\1.27\jcommander-1.27.jar;H:\software\apache-maven\maven-repository\org\yaml\snakeyaml\1.6\snakeyaml-1.6.jar;H:\software\apache-maven\maven-repository\org\uncommons\reportng\1.1.4\reportng-1.1.4.jar;H:\software\apache-maven\maven-repository\velocity\velocity\1.4\velocity-1.4.jar;H:\software\apache-maven\maven-repository\velocity\velocity-dep\1.4\velocity-dep-1.4.jar;H:\software\apache-maven\maven-repository\org\apache\httpcomponents\httpclient\4.3.3\httpclient-4.3.3.jar;H:\software\apache-maven\maven-repository\org\apache\httpcomponents\httpcore\4.3.2\httpcore-4.3.2.jar;H:\software\apache-maven\maven-repository\commons-logging\commons-logging\1.1.3\commons-logging-1.1.3.jar;H:\software\apache-maven\maven-repository\commons-codec\commons-codec\1.6\commons-codec-1.6.jar;H:\software\apache-maven\maven-repository\org\apache\httpcomponents\httpclient-cache\4.1.2\httpclient-cache-4.1.2.jar;H:\software\apache-maven\maven-repository\org\apache\httpcomponents\httpmime\4.1.2\httpmime-4.1.2.jar;H:\software\apache-maven\maven-repository\net\sf\json-lib\json-lib\2.4\json-lib-2.4-jdk15.jar;H:\software\apache-maven\maven-repository\commons-beanutils\commons-beanutils\1.8.0\commons-beanutils-1.8.0.jar;H:\software\apache-maven\maven-repository\commons-collections\commons
Launcher Type: SUN_STANDARD

Logging:
Log output configuration:
#0: stdout all=warning uptime,level,tags
#1: stderr all=off uptime,level,tags

Environment Variables:
JAVA_HOME=H:\software\Java\jdk-10.0.2
CLASSPATH=H:\software\Java\jdk-10.0.2\lib\dt.jar;H:\software\Java\jdk-10.0.2\lib\tools.jar;H:\software\apache-jmeter-4.0\lib\ext\ApacheJMeter_core.jar;H:\software\apache-jmeter-4.0\lib\jorphan.jar;
PATH=C:\Program Files (x86)\Common Files\Oracle\Java\javapath;C:\Windows\system32;C:\Windows;C:\Windows\System32\Wbem;C:\Windows\System32\WindowsPowerShell\v1.0\;"H:\software\Java\jdk-10.0.2\bin;H:\software\Java\jdk-10.0.2\jre\bin";%MAVEN_HOME%\bin\;C:\Windows\system32;C:\Windows;C:\Windows\System32\Wbem;C:\Users\yanglin\AppData\Local\Microsoft\WindowsApps;;H:\software\Fiddler
USERNAME=yanglin
OS=Windows_NT
PROCESSOR_IDENTIFIER=Intel64 Family 6 Model 142 Stepping 9, GenuineIntel



---------------  S Y S T E M  ---------------

OS: Windows 10 , 64 bit Build 15063 (10.0.15063.1058)

CPU:total 4 (initial active 4) (2 cores per cpu, 2 threads per core) family 6 model 142 stepping 9, cmov, cx8, fxsr, mmx, sse, sse2, sse3, ssse3, sse4.1, sse4.2, popcnt, avx, avx2, aes, clmul, erms, 3dnowpref, lzcnt, ht, tsc, tscinvbit, bmi1, bmi2, adx, fma

Memory: 4k page, physical 8289184k(2849268k free), swap 11585300k(2221640k free)

vm_info: Java HotSpot(TM) 64-Bit Server VM (10.0.2+13) for windows-amd64 JRE (10.0.2+13), built on Jun 28 2018 01:57:56 by "mach5one" with MS VC++ 12.0 (VS2013)

END.
